0 info it worked if it ends with ok
1 verbose cli [ 'C:\\Program Files\\nodejs\\node.exe',
1 verbose cli   'C:\\Users\\arunp\\AppData\\Roaming\\npm\\node_modules\\npm\\bin\\npm-cli.js',
1 verbose cli   'run',
1 verbose cli   'build' ]
2 info using npm@3.10.9
3 info using node@v7.0.0
4 verbose run-script [ 'prebuild', 'build', 'postbuild' ]
5 info lifecycle udemy-nodejs-angular2@1.0.0~prebuild: udemy-nodejs-angular2@1.0.0
6 silly lifecycle udemy-nodejs-angular2@1.0.0~prebuild: no script for prebuild, continuing
7 info lifecycle udemy-nodejs-angular2@1.0.0~build: udemy-nodejs-angular2@1.0.0
8 verbose lifecycle udemy-nodejs-angular2@1.0.0~build: unsafe-perm in lifecycle true
9 verbose lifecycle udemy-nodejs-angular2@1.0.0~build: PATH: C:\Users\arunp\AppData\Roaming\npm\node_modules\npm\bin\node-gyp-bin;E:\Labs\MEAN_2.0\Projects\e2eNotesApp\node_modules\.bin;C:\Program Files (x86)\Intel\iCLS Client\;C:\Program Files\Intel\iCLS Client\;C:\Windows\system32;C:\Windows;C:\Windows\System32\Wbem;C:\Windows\System32\WindowsPowerShell\v1.0\;C:\Program Files (x86)\Intel\Intel(R) Management Engine Components\DAL;C:\Program Files\Intel\Intel(R) Management Engine Components\DAL;C:\Program Files (x86)\Intel\Intel(R) Management Engine Components\IPT;C:\Program Files\Intel\Intel(R) Management Engine Components\IPT;c:\Program Files (x86)\ATI Technologies\ATI.ACE\Core-Static;C:\Program Files (x86)\Windows Kits\8.1\Windows Performance Toolkit\;C:\Program Files (x86)\Skype\Phone\;C:\Program Files (x86)\HashiCorp\bin;C:\Program Files\nodejs\;C:\Program Files\Git\cmd;C:\Program Files (x86)\Microsoft VS Code\bin;C:\Users\arunp\AppData\Local\Microsoft\WindowsApps;C:\Users\arunp\AppData\Roaming\npm
10 verbose lifecycle udemy-nodejs-angular2@1.0.0~build: CWD: E:\Labs\MEAN_2.0\Projects\e2eNotesApp
11 silly lifecycle udemy-nodejs-angular2@1.0.0~build: Args: [ '/d /s /c',
11 silly lifecycle   'del-cli public/js/app && webpack --config webpack.config.dev.js --progress --profile --watch' ]
12 verbose stack Error: kill ENOSYS
12 verbose stack     at exports._errnoException (util.js:1026:11)
12 verbose stack     at process.kill (internal/process.js:173:13)
12 verbose stack     at process.listener (C:\Users\arunp\AppData\Roaming\npm\node_modules\npm\node_modules\npmlog\node_modules\gauge\node_modules\signal-exit\index.js:86:15)
12 verbose stack     at emitNone (events.js:91:20)
12 verbose stack     at process.emit (events.js:185:7)
12 verbose stack     at processEmit (C:\Users\arunp\AppData\Roaming\npm\node_modules\npm\node_modules\npmlog\node_modules\gauge\node_modules\signal-exit\index.js:146:32)
12 verbose stack     at processEmit (C:\Users\arunp\AppData\Roaming\npm\node_modules\npm\node_modules\npm-registry-client\node_modules\npmlog\node_modules\gauge\node_modules\signal-exit\index.js:146:32)
12 verbose stack     at Signal.wrap.onsignal (internal/process.js:200:44)
13 verbose cwd E:\Labs\MEAN_2.0\Projects\e2eNotesApp
14 error Windows_NT 10.0.14393
15 error argv "C:\\Program Files\\nodejs\\node.exe" "C:\\Users\\arunp\\AppData\\Roaming\\npm\\node_modules\\npm\\bin\\npm-cli.js" "run" "build"
16 error node v7.0.0
17 error npm  v3.10.9
18 error code ENOSYS
19 error errno ENOSYS
20 error syscall kill
21 error kill ENOSYS
22 error If you need help, you may report this error at:
22 error     <https://github.com/npm/npm/issues>
23 verbose exit [ 1, true ]
